<?xml version="1.0" encoding="UTF-8"?>
<testng-results skipped="0" failed="0" ignored="0" total="1" passed="1">
  <reporter-output>
  </reporter-output>
  <suite name="Default suite" duration-ms="3579" started-at="2020-02-14T12:17:17 PST" finished-at="2020-02-14T12:17:20 PST">
    <groups>
    </groups>
    <test name="Default test" duration-ms="3579" started-at="2020-02-14T12:17:17 PST" finished-at="2020-02-14T12:17:20 PST">
      <class name="Practices.TC001_Request">
        <test-method status="PASS" signature="getweatherDetails()[pri:0, instance:Practices.TC001_Request@394e1a0f]" name="getweatherDetails" duration-ms="3479" started-at="2020-02-14T12:17:17 PST" finished-at="2020-02-14T12:17:20 PST">
          <reporter-output>
          </reporter-output>
        </test-method> <!-- getweatherDetails -->
      </class> <!-- Practices.TC001_Request -->
    </test> <!-- Default test -->
  </suite> <!-- Default suite -->
</testng-results>
