<?xml version="1.0" encoding="UTF-8"?>
<testng-results skipped="0" failed="0" ignored="0" total="1" passed="1">
  <reporter-output>
  </reporter-output>
  <suite name="Default suite" duration-ms="3732" started-at="2020-02-11T10:49:51 PST" finished-at="2020-02-11T10:49:55 PST">
    <groups>
    </groups>
    <test name="Default test" duration-ms="3732" started-at="2020-02-11T10:49:51 PST" finished-at="2020-02-11T10:49:55 PST">
      <class name="Practices.TC003_GET_Request">
        <test-method status="PASS" signature="RegistrationSucessful()[pri:0, instance:Practices.TC003_GET_Request@394e1a0f]" name="RegistrationSucessful" duration-ms="3665" started-at="2020-02-11T10:49:51 PST" finished-at="2020-02-11T10:49:55 PST">
          <reporter-output>
          </reporter-output>
        </test-method> <!-- RegistrationSucessful -->
      </class> <!-- Practices.TC003_GET_Request -->
    </test> <!-- Default test -->
  </suite> <!-- Default suite -->
</testng-results>
