<?xml version="1.0" encoding="UTF-8"?>
<testng-results ignored="0" total="1" passed="1" failed="0" skipped="0">
  <reporter-output>
  </reporter-output>
  <suite started-at="2020-02-03T11:18:02 PST" name="Default suite" finished-at="2020-02-03T11:18:18 PST" duration-ms="15918">
    <groups>
    </groups>
    <test started-at="2020-02-03T11:18:02 PST" name="Default test" finished-at="2020-02-03T11:18:18 PST" duration-ms="15918">
      <class name="TestCase.LoginPgTestcase">
        <test-method is-config="true" signature="startUp()[pri:0, instance:TestCase.LoginPgTestcase@7f0eb4b4]" started-at="2020-02-03T11:18:02 PST" name="startUp" finished-at="2020-02-03T11:18:13 PST" duration-ms="11535" status="PASS">
          <reporter-output>
          </reporter-output>
        </test-method> <!-- startUp -->
        <test-method signature="login()[pri:0, instance:TestCase.LoginPgTestcase@7f0eb4b4]" started-at="2020-02-03T11:18:13 PST" name="login" finished-at="2020-02-03T11:18:15 PST" duration-ms="2090" status="PASS">
          <reporter-output>
          </reporter-output>
        </test-method> <!-- login -->
        <test-method is-config="true" signature="close()[pri:0, instance:TestCase.LoginPgTestcase@7f0eb4b4]" started-at="2020-02-03T11:18:15 PST" name="close" finished-at="2020-02-03T11:18:18 PST" duration-ms="2216" status="PASS">
          <reporter-output>
          </reporter-output>
        </test-method> <!-- close -->
      </class> <!-- TestCase.LoginPgTestcase -->
    </test> <!-- Default test -->
  </suite> <!-- Default suite -->
</testng-results>
