<?xml version="1.0" encoding="UTF-8"?>
<!-- Generated by org.testng.reporters.JUnitXMLReporter -->
<testsuite hostname="DESKTOP-DMI69P9" ignored="0" name="Default test" tests="6" failures="0" timestamp="2020-02-19T13:26:16 PST" time="28.84" errors="0">
  <testcase name="MainPageTitle" time="0.04" classname="Codility1.Testcase1"/>
  <testcase name="mainscreen" time="0.032" classname="Codility1.Testcase1"/>
  <testcase name="verifyFeedbackResult" time="0.377" classname="Codility1.Testcase1"/>
  <testcase name="verifyForbiddenQuery" time="0.343" classname="Codility1.Testcase1"/>
  <testcase name="verifyMatchResult" time="0.359" classname="Codility1.Testcase1"/>
  <testcase name="verifySearchRessult" time="0.296" classname="Codility1.Testcase1"/>
</testsuite> <!-- Default test -->
