<?xml version="1.0" encoding="UTF-8"?>
<!-- Generated by org.testng.reporters.JUnitXMLReporter -->
<testsuite hostname="DESKTOP-DMI69P9" ignored="0" name="Default test" tests="6" failures="0" timestamp="2020-02-24T13:33:20 PST" time="29.7" errors="0">
  <testcase name="MainPageTitle" time="0.03" classname="Codility1.Testcase1"/>
  <testcase name="mainscreen" time="0.06" classname="Codility1.Testcase1"/>
  <testcase name="verifyFeedbackResult" time="0.305" classname="Codility1.Testcase1"/>
  <testcase name="verifyForbiddenQuery" time="0.304" classname="Codility1.Testcase1"/>
  <testcase name="verifyMatchResult" time="0.305" classname="Codility1.Testcase1"/>
  <testcase name="verifySearchRessult" time="0.302" classname="Codility1.Testcase1"/>
</testsuite> <!-- Default test -->
